<?xml version="1.0" encoding="UTF-8"?>
<testsuite xmlns:xsi="http://www.w3.org/2001/XMLSchema-instance" xsi:noNamespaceSchemaLocation="https://maven.apache.org/surefire/maven-surefire-plugin/xsd/surefire-test-report-3.0.xsd" version="3.0" name="com.kubadziworski.domain.scope.ClassPathScopeTest" time="0.053" tests="4" errors="0" skipped="0" failures="0">
  <properties>
    <property name="sun.desktop" value="windows"/>
    <property name="awt.toolkit" value="sun.awt.windows.WToolkit"/>
    <property name="file.encoding.pkg" value="sun.io"/>
    <property name="java.specification.version" value="1.8"/>
    <property name="sun.cpu.isalist" value="amd64"/>
    <property name="sun.jnu.encoding" value="Cp1251"/>
    <property name="java.class.path" value="D:\programs\java\github\Enkel-JVM-language\compiler\target\test-classes;D:\programs\java\github\Enkel-JVM-language\compiler\target\classes;D:\programs\java\github\Enkel-JVM-language\antlr\target\antlr-1.0-SNAPSHOT.jar;C:\Users\WooDy\.m2\repository\commons-validator\commons-validator\1.3.1\commons-validator-1.3.1.jar;C:\Users\WooDy\.m2\repository\commons-beanutils\commons-beanutils\1.7.0\commons-beanutils-1.7.0.jar;C:\Users\WooDy\.m2\repository\commons-digester\commons-digester\1.6\commons-digester-1.6.jar;C:\Users\WooDy\.m2\repository\commons-collections\commons-collections\2.1\commons-collections-2.1.jar;C:\Users\WooDy\.m2\repository\xml-apis\xml-apis\1.0.b2\xml-apis-1.0.b2.jar;C:\Users\WooDy\.m2\repository\commons-logging\commons-logging\1.0.4\commons-logging-1.0.4.jar;C:\Users\WooDy\.m2\repository\org\spockframework\spock-core\1.0-groovy-2.4\spock-core-1.0-groovy-2.4.jar;C:\Users\WooDy\.m2\repository\org\codehaus\groovy\groovy-all\2.4.1\groovy-all-2.4.1.jar;C:\Users\WooDy\.m2\repository\cglib\cglib\3.2.2\cglib-3.2.2.jar;C:\Users\WooDy\.m2\repository\org\ow2\asm\asm\5.0.4\asm-5.0.4.jar;C:\Users\WooDy\.m2\repository\org\apache\ant\ant\1.9.6\ant-1.9.6.jar;C:\Users\WooDy\.m2\repository\org\apache\ant\ant-launcher\1.9.6\ant-launcher-1.9.6.jar;C:\Users\WooDy\.m2\repository\org\objenesis\objenesis\2.2\objenesis-2.2.jar;C:\Users\WooDy\.m2\repository\org\springframework\spring-beans\4.2.5.RELEASE\spring-beans-4.2.5.RELEASE.jar;C:\Users\WooDy\.m2\repository\org\springframework\spring-context\4.2.5.RELEASE\spring-context-4.2.5.RELEASE.jar;C:\Users\WooDy\.m2\repository\org\springframework\spring-aop\4.2.5.RELEASE\spring-aop-4.2.5.RELEASE.jar;C:\Users\WooDy\.m2\repository\aopalliance\aopalliance\1.0\aopalliance-1.0.jar;C:\Users\WooDy\.m2\repository\org\springframework\spring-expression\4.2.5.RELEASE\spring-expression-4.2.5.RELEASE.jar;C:\Users\WooDy\.m2\repository\org\springframework\spring-core\4.2.5.RELEASE\spring-core-4.2.5.RELEASE.jar;C:\Users\WooDy\.m2\repository\org\springframework\spring-test\4.2.5.RELEASE\spring-test-4.2.5.RELEASE.jar;C:\Users\WooDy\.m2\repository\junit\junit\4.12\junit-4.12.jar;C:\Users\WooDy\.m2\repository\org\hamcrest\hamcrest-core\1.3\hamcrest-core-1.3.jar;C:\Users\WooDy\.m2\repository\org\apache\commons\commons-lang3\3.4\commons-lang3-3.4.jar;C:\Users\WooDy\.m2\repository\org\apache\commons\commons-math3\3.6\commons-math3-3.6.jar;C:\Users\WooDy\.m2\repository\commons-io\commons-io\2.4\commons-io-2.4.jar;C:\Users\WooDy\.m2\repository\org\apache\commons\commons-collections4\4.1\commons-collections4-4.1.jar;C:\Users\WooDy\.m2\repository\com\google\guava\guava\19.0\guava-19.0.jar;C:\Users\WooDy\.m2\repository\org\slf4j\slf4j-api\1.7.21\slf4j-api-1.7.21.jar;C:\Users\WooDy\.m2\repository\org\slf4j\slf4j-log4j12\1.7.21\slf4j-log4j12-1.7.21.jar;C:\Users\WooDy\.m2\repository\log4j\log4j\1.2.17\log4j-1.2.17.jar;C:\Users\WooDy\.m2\repository\org\antlr\antlr4-runtime\4.3\antlr4-runtime-4.3.jar;C:\Users\WooDy\.m2\repository\org\abego\treelayout\org.abego.treelayout.core\1.0.1\org.abego.treelayout.core-1.0.1.jar;C:\Users\WooDy\.m2\repository\org\antlr\antlr4-annotations\4.3\antlr4-annotations-4.3.jar;C:\Users\WooDy\.m2\repository\org\ow2\asm\asm-all\5.1\asm-all-5.1.jar;C:\Users\WooDy\.m2\repository\org\projectlombok\lombok\1.16.8\lombok-1.16.8.jar;"/>
    <property name="java.vm.vendor" value="Oracle Corporation"/>
    <property name="sun.arch.data.model" value="64"/>
    <property name="user.variant" value=""/>
    <property name="java.vendor.url" value="http://java.oracle.com/"/>
    <property name="user.timezone" value="Europe/Moscow"/>
    <property name="java.vm.specification.version" value="1.8"/>
    <property name="os.name" value="Windows 10"/>
    <property name="user.country" value="RU"/>
    <property name="sun.java.launcher" value="SUN_STANDARD"/>
    <property name="sun.boot.library.path" value="C:\Program Files\Java\jdk1.8.0_231\jre\bin"/>
    <property name="sun.java.command" value="C:\Users\WooDy\AppData\Local\Temp\surefire4677186465086135342\surefirebooter-20240503144719652_3.jar C:\Users\WooDy\AppData\Local\Temp\surefire4677186465086135342 2024-05-03T14-47-13_489-jvmRun1 surefire-20240503144719652_1tmp surefire_0-20240503144719652_2tmp"/>
    <property name="surefire.test.class.path" value="D:\programs\java\github\Enkel-JVM-language\compiler\target\test-classes;D:\programs\java\github\Enkel-JVM-language\compiler\target\classes;D:\programs\java\github\Enkel-JVM-language\antlr\target\antlr-1.0-SNAPSHOT.jar;C:\Users\WooDy\.m2\repository\commons-validator\commons-validator\1.3.1\commons-validator-1.3.1.jar;C:\Users\WooDy\.m2\repository\commons-beanutils\commons-beanutils\1.7.0\commons-beanutils-1.7.0.jar;C:\Users\WooDy\.m2\repository\commons-digester\commons-digester\1.6\commons-digester-1.6.jar;C:\Users\WooDy\.m2\repository\commons-collections\commons-collections\2.1\commons-collections-2.1.jar;C:\Users\WooDy\.m2\repository\xml-apis\xml-apis\1.0.b2\xml-apis-1.0.b2.jar;C:\Users\WooDy\.m2\repository\commons-logging\commons-logging\1.0.4\commons-logging-1.0.4.jar;C:\Users\WooDy\.m2\repository\org\spockframework\spock-core\1.0-groovy-2.4\spock-core-1.0-groovy-2.4.jar;C:\Users\WooDy\.m2\repository\org\codehaus\groovy\groovy-all\2.4.1\groovy-all-2.4.1.jar;C:\Users\WooDy\.m2\repository\cglib\cglib\3.2.2\cglib-3.2.2.jar;C:\Users\WooDy\.m2\repository\org\ow2\asm\asm\5.0.4\asm-5.0.4.jar;C:\Users\WooDy\.m2\repository\org\apache\ant\ant\1.9.6\ant-1.9.6.jar;C:\Users\WooDy\.m2\repository\org\apache\ant\ant-launcher\1.9.6\ant-launcher-1.9.6.jar;C:\Users\WooDy\.m2\repository\org\objenesis\objenesis\2.2\objenesis-2.2.jar;C:\Users\WooDy\.m2\repository\org\springframework\spring-beans\4.2.5.RELEASE\spring-beans-4.2.5.RELEASE.jar;C:\Users\WooDy\.m2\repository\org\springframework\spring-context\4.2.5.RELEASE\spring-context-4.2.5.RELEASE.jar;C:\Users\WooDy\.m2\repository\org\springframework\spring-aop\4.2.5.RELEASE\spring-aop-4.2.5.RELEASE.jar;C:\Users\WooDy\.m2\repository\aopalliance\aopalliance\1.0\aopalliance-1.0.jar;C:\Users\WooDy\.m2\repository\org\springframework\spring-expression\4.2.5.RELEASE\spring-expression-4.2.5.RELEASE.jar;C:\Users\WooDy\.m2\repository\org\springframework\spring-core\4.2.5.RELEASE\spring-core-4.2.5.RELEASE.jar;C:\Users\WooDy\.m2\repository\org\springframework\spring-test\4.2.5.RELEASE\spring-test-4.2.5.RELEASE.jar;C:\Users\WooDy\.m2\repository\junit\junit\4.12\junit-4.12.jar;C:\Users\WooDy\.m2\repository\org\hamcrest\hamcrest-core\1.3\hamcrest-core-1.3.jar;C:\Users\WooDy\.m2\repository\org\apache\commons\commons-lang3\3.4\commons-lang3-3.4.jar;C:\Users\WooDy\.m2\repository\org\apache\commons\commons-math3\3.6\commons-math3-3.6.jar;C:\Users\WooDy\.m2\repository\commons-io\commons-io\2.4\commons-io-2.4.jar;C:\Users\WooDy\.m2\repository\org\apache\commons\commons-collections4\4.1\commons-collections4-4.1.jar;C:\Users\WooDy\.m2\repository\com\google\guava\guava\19.0\guava-19.0.jar;C:\Users\WooDy\.m2\repository\org\slf4j\slf4j-api\1.7.21\slf4j-api-1.7.21.jar;C:\Users\WooDy\.m2\repository\org\slf4j\slf4j-log4j12\1.7.21\slf4j-log4j12-1.7.21.jar;C:\Users\WooDy\.m2\repository\log4j\log4j\1.2.17\log4j-1.2.17.jar;C:\Users\WooDy\.m2\repository\org\antlr\antlr4-runtime\4.3\antlr4-runtime-4.3.jar;C:\Users\WooDy\.m2\repository\org\abego\treelayout\org.abego.treelayout.core\1.0.1\org.abego.treelayout.core-1.0.1.jar;C:\Users\WooDy\.m2\repository\org\antlr\antlr4-annotations\4.3\antlr4-annotations-4.3.jar;C:\Users\WooDy\.m2\repository\org\ow2\asm\asm-all\5.1\asm-all-5.1.jar;C:\Users\WooDy\.m2\repository\org\projectlombok\lombok\1.16.8\lombok-1.16.8.jar;"/>
    <property name="sun.cpu.endian" value="little"/>
    <property name="user.home" value="C:\Users\WooDy"/>
    <property name="user.language" value="ru"/>
    <property name="java.specification.vendor" value="Oracle Corporation"/>
    <property name="java.home" value="C:\Program Files\Java\jdk1.8.0_231\jre"/>
    <property name="basedir" value="D:\programs\java\github\Enkel-JVM-language\compiler"/>
    <property name="file.separator" value="\"/>
    <property name="line.separator" value="&#10;"/>
    <property name="java.vm.specification.vendor" value="Oracle Corporation"/>
    <property name="java.specification.name" value="Java Platform API Specification"/>
    <property name="java.awt.graphicsenv" value="sun.awt.Win32GraphicsEnvironment"/>
    <property name="surefire.real.class.path" value="C:\Users\WooDy\AppData\Local\Temp\surefire4677186465086135342\surefirebooter-20240503144719652_3.jar"/>
    <property name="sun.boot.class.path" value="C:\Program Files\Java\jdk1.8.0_231\jre\lib\resources.jar;C:\Program Files\Java\jdk1.8.0_231\jre\lib\rt.jar;C:\Program Files\Java\jdk1.8.0_231\jre\lib\sunrsasign.jar;C:\Program Files\Java\jdk1.8.0_231\jre\lib\jsse.jar;C:\Program Files\Java\jdk1.8.0_231\jre\lib\jce.jar;C:\Program Files\Java\jdk1.8.0_231\jre\lib\charsets.jar;C:\Program Files\Java\jdk1.8.0_231\jre\lib\jfr.jar;C:\Program Files\Java\jdk1.8.0_231\jre\classes"/>
    <property name="user.script" value=""/>
    <property name="sun.management.compiler" value="HotSpot 64-Bit Tiered Compilers"/>
    <property name="java.runtime.version" value="1.8.0_231-b11"/>
    <property name="user.name" value="WooDy"/>
    <property name="path.separator" value=";"/>
    <property name="os.version" value="10.0"/>
    <property name="java.endorsed.dirs" value="C:\Program Files\Java\jdk1.8.0_231\jre\lib\endorsed"/>
    <property name="java.runtime.name" value="Java(TM) SE Runtime Environment"/>
    <property name="file.encoding" value="Cp1251"/>
    <property name="java.vm.name" value="Java HotSpot(TM) 64-Bit Server VM"/>
    <property name="localRepository" value="C:\Users\WooDy\.m2\repository"/>
    <property name="java.vendor.url.bug" value="http://bugreport.sun.com/bugreport/"/>
    <property name="java.io.tmpdir" value="C:\Users\WooDy\AppData\Local\Temp\"/>
    <property name="java.version" value="1.8.0_231"/>
    <property name="user.dir" value="D:\programs\java\github\Enkel-JVM-language\compiler"/>
    <property name="os.arch" value="amd64"/>
    <property name="java.vm.specification.name" value="Java Virtual Machine Specification"/>
    <property name="java.awt.printerjob" value="sun.awt.windows.WPrinterJob"/>
    <property name="sun.os.patch.level" value=""/>
    <property name="java.library.path" value="C:\Program Files\Java\jdk1.8.0_231\jre\bin;C:\Windows\Sun\Java\bin;C:\Windows\system32;C:\Windows;C:\Program Files\Common Files\Oracle\Java\javapath;D:\programs\java\jdk-8\bin;D:\programs\java\maven\apache-maven-3.9.4\bin;C:\WINDOWS\System32\netstat.exe;D:\programs\java\jdk-19.0.1\bin;D:\programs\java\jdk-17\bin;C:\Program Files\nodejs\;C:\Program Files\Java\jdk1.8.0_231\bin;C:\Program Files\Java\jdk1.8.0_231\bin;D:\programs\java\maven\apache-maven-3.9.4\bin;C:\Windows\system32;D:\programs\java\jdk-19.0.1\bin;D:\programs\java\jdk-17\bin;C:\Windows\Logs\Dism\dism.log;C:\Users\WooDy\AppData\Roaming\npm;D:\programs\IntelliJ IDEA 2023.2.6\bin;;;."/>
    <property name="java.vm.info" value="mixed mode"/>
    <property name="java.vendor" value="Oracle Corporation"/>
    <property name="java.vm.version" value="25.231-b11"/>
    <property name="java.ext.dirs" value="C:\Program Files\Java\jdk1.8.0_231\jre\lib\ext;C:\Windows\Sun\Java\lib\ext"/>
    <property name="sun.io.unicode.encoding" value="UnicodeLittle"/>
    <property name="java.class.version" value="52.0"/>
  </properties>
  <testcase name="GetMethodSignature" classname="com.kubadziworski.domain.scope.ClassPathScopeTest" time="0.044"/>
  <testcase name="GetConstructorSignature should not return private method" classname="com.kubadziworski.domain.scope.ClassPathScopeTest" time="0.0"/>
  <testcase name="GetConstructorSignature" classname="com.kubadziworski.domain.scope.ClassPathScopeTest" time="0.005"/>
  <testcase name="GetConstructorSignature should not return private Constructor" classname="com.kubadziworski.domain.scope.ClassPathScopeTest" time="0.0"/>
</testsuite>